2024-11-20 17:49:53.592 [info] Getting Manifest... tkw01536.git-commit-format
2024-11-20 17:49:55.792 [info] Installing extension: tkw01536.git-commit-format {"isMachineScoped":false,"installPreReleaseVersion":false,"pinned":false,"profileLocation":{"$mid":1,"external":"vscode-userdata:/home/cyclic/.vscode-oss/extensions/extensions.json","path":"/home/cyclic/.vscode-oss/extensions/extensions.json","scheme":"vscode-userdata"},"installOnlyNewlyAddedFromExtensionPack":true,"isApplicationScoped":false,"productVersion":{"version":"1.95.1","date":"2024-11-01T17:20:55.708Z"}}
2024-11-20 17:49:56.951 [error] Could not load vsce-sign module Cannot find package '@vscode/vsce-sign' imported from /usr/lib/code/out/vs/code/electron-utility/sharedProcess/sharedProcessMain.js
2024-11-20 17:49:56.952 [info] Extension signature verification is not done: tkw01536.git-commit-format
2024-11-20 17:49:56.973 [info] Extracted extension to file:///home/cyclic/.vscode-oss/extensions/tkw01536.git-commit-format-1.3.0-universal: tkw01536.git-commit-format
2024-11-20 17:49:56.977 [info] Renamed to /home/cyclic/.vscode-oss/extensions/tkw01536.git-commit-format-1.3.0-universal
2024-11-20 17:49:56.995 [info] Extension installed successfully: tkw01536.git-commit-format vscode-userdata:/home/cyclic/.vscode-oss/extensions/extensions.json
2024-11-20 17:49:57.064 [error] [uncaught exception in sharedProcess]: Error: ENOENT: no such file or directory, stat '/home/cyclic/.vscode-oss/extensions/extensions.json.vsctmp': EntryNotFound (FileSystemError): Error: ENOENT: no such file or directory, stat '/home/cyclic/.vscode-oss/extensions/extensions.json.vsctmp'
    at hm.create (file:///usr/lib/code/out/vs/code/electron-utility/sharedProcess/sharedProcessMain.js:35:39254)
    at Es (file:///usr/lib/code/out/vs/code/electron-utility/sharedProcess/sharedProcessMain.js:35:39361)
    at Fr.ib (file:///usr/lib/code/out/vs/code/electron-utility/sharedProcess/sharedProcessMain.js:71:22677)
    at Fr.stat (file:///usr/lib/code/out/vs/code/electron-utility/sharedProcess/sharedProcessMain.js:71:16010)
    at async Zl.stat (file:///usr/lib/code/out/vs/code/electron-utility/sharedProcess/sharedProcessMain.js:70:84491)
    at async Jl.yb (file:///usr/lib/code/out/vs/code/electron-utility/sharedProcess/sharedProcessMain.js:70:66605)
2024-11-20 17:49:57.257 [info] Getting Manifest... redjue.git-commit-plugin
2024-11-20 17:49:57.687 [info] Installing extension: redjue.git-commit-plugin {"isMachineScoped":false,"installPreReleaseVersion":false,"pinned":false,"profileLocation":{"$mid":1,"external":"vscode-userdata:/home/cyclic/.vscode-oss/extensions/extensions.json","path":"/home/cyclic/.vscode-oss/extensions/extensions.json","scheme":"vscode-userdata"},"installOnlyNewlyAddedFromExtensionPack":true,"isApplicationScoped":false,"productVersion":{"version":"1.95.1","date":"2024-11-01T17:20:55.708Z"}}
2024-11-20 17:50:15.582 [error] Could not load vsce-sign module Cannot find package '@vscode/vsce-sign' imported from /usr/lib/code/out/vs/code/electron-utility/sharedProcess/sharedProcessMain.js
2024-11-20 17:50:15.582 [info] Extension signature verification is not done: redjue.git-commit-plugin
2024-11-20 17:50:16.167 [info] Extracted extension to file:///home/cyclic/.vscode-oss/extensions/redjue.git-commit-plugin-1.2.0-universal: redjue.git-commit-plugin
2024-11-20 17:50:16.172 [info] Renamed to /home/cyclic/.vscode-oss/extensions/redjue.git-commit-plugin-1.2.0-universal
2024-11-20 17:50:16.181 [info] Extension installed successfully: redjue.git-commit-plugin vscode-userdata:/home/cyclic/.vscode-oss/extensions/extensions.json
2024-11-20 17:50:16.253 [error] [uncaught exception in sharedProcess]: Error: ENOENT: no such file or directory, stat '/home/cyclic/.vscode-oss/extensions/extensions.json.vsctmp': EntryNotFound (FileSystemError): Error: ENOENT: no such file or directory, stat '/home/cyclic/.vscode-oss/extensions/extensions.json.vsctmp'
    at hm.create (file:///usr/lib/code/out/vs/code/electron-utility/sharedProcess/sharedProcessMain.js:35:39254)
    at Es (file:///usr/lib/code/out/vs/code/electron-utility/sharedProcess/sharedProcessMain.js:35:39361)
    at Fr.ib (file:///usr/lib/code/out/vs/code/electron-utility/sharedProcess/sharedProcessMain.js:71:22677)
    at Fr.stat (file:///usr/lib/code/out/vs/code/electron-utility/sharedProcess/sharedProcessMain.js:71:16010)
    at async Zl.stat (file:///usr/lib/code/out/vs/code/electron-utility/sharedProcess/sharedProcessMain.js:70:84491)
    at async Jl.yb (file:///usr/lib/code/out/vs/code/electron-utility/sharedProcess/sharedProcessMain.js:70:66605)
