2024-11-20 13:41:54.799 [info] [main] Log level: Info
2024-11-20 13:41:54.799 [info] [main] Validating found git in: "git"
2024-11-20 13:41:54.799 [info] [main] Using git "2.47.0" from "git"
2024-11-20 13:41:54.799 [info] [Model][doInitialScan] Initial repository scan started
2024-11-20 13:41:54.799 [info] > git rev-parse --show-toplevel [13ms]
2024-11-20 13:41:54.799 [info] fatal: not a git repository (or any of the parent directories): .git
2024-11-20 13:41:54.799 [info] > git rev-parse --show-toplevel [7ms]
2024-11-20 13:41:54.799 [info] fatal: not a git repository (or any of the parent directories): .git
2024-11-20 13:41:54.801 [warning] [Model][traverseWorkspaceFolder] Unable to read workspace folder '/lost+found': Error: EACCES: permission denied, scandir '/lost+found'
2024-11-20 13:41:54.815 [warning] [Model][traverseWorkspaceFolder] Unable to read workspace folder '/root': Error: EACCES: permission denied, scandir '/root'
2024-11-20 13:41:54.824 [info] > git rev-parse --show-toplevel [3ms]
2024-11-20 13:41:54.824 [info] fatal: not a git repository (or any parent up to mount point /)
Stopping at filesystem boundary (GIT_DISCOVERY_ACROSS_FILESYSTEM not set).
2024-11-20 13:41:54.831 [info] > git rev-parse --show-toplevel [2ms]
2024-11-20 13:41:54.832 [info] fatal: not a git repository (or any parent up to mount point /)
Stopping at filesystem boundary (GIT_DISCOVERY_ACROSS_FILESYSTEM not set).
2024-11-20 13:41:54.842 [info] > git rev-parse --show-toplevel [2ms]
2024-11-20 13:41:54.842 [info] fatal: not a git repository (or any of the parent directories): .git
2024-11-20 13:41:54.850 [info] > git rev-parse --show-toplevel [1ms]
2024-11-20 13:41:54.850 [info] fatal: not a git repository (or any of the parent directories): .git
2024-11-20 13:41:54.859 [info] > git rev-parse --show-toplevel [3ms]
2024-11-20 13:41:54.859 [info] fatal: not a git repository (or any of the parent directories): .git
2024-11-20 13:41:54.867 [info] > git rev-parse --show-toplevel [2ms]
2024-11-20 13:41:54.867 [info] fatal: not a git repository (or any of the parent directories): .git
2024-11-20 13:41:54.876 [info] > git rev-parse --show-toplevel [2ms]
2024-11-20 13:41:54.876 [info] fatal: not a git repository (or any parent up to mount point /)
Stopping at filesystem boundary (GIT_DISCOVERY_ACROSS_FILESYSTEM not set).
2024-11-20 13:41:54.883 [info] > git rev-parse --show-toplevel [1ms]
2024-11-20 13:41:54.883 [info] fatal: not a git repository (or any parent up to mount point /)
Stopping at filesystem boundary (GIT_DISCOVERY_ACROSS_FILESYSTEM not set).
2024-11-20 13:41:54.889 [info] > git rev-parse --show-toplevel [1ms]
2024-11-20 13:41:54.889 [info] fatal: not a git repository (or any of the parent directories): .git
2024-11-20 13:41:54.901 [info] > git rev-parse --show-toplevel [4ms]
2024-11-20 13:41:54.901 [info] fatal: not a git repository (or any parent up to mount point /)
Stopping at filesystem boundary (GIT_DISCOVERY_ACROSS_FILESYSTEM not set).
2024-11-20 13:41:54.913 [info] > git rev-parse --show-toplevel [4ms]
2024-11-20 13:41:54.913 [info] fatal: not a git repository (or any parent up to mount point /)
Stopping at filesystem boundary (GIT_DISCOVERY_ACROSS_FILESYSTEM not set).
2024-11-20 13:41:54.919 [info] > git rev-parse --show-toplevel [1ms]
2024-11-20 13:41:54.919 [info] fatal: not a git repository (or any of the parent directories): .git
2024-11-20 13:41:54.927 [info] > git rev-parse --show-toplevel [2ms]
2024-11-20 13:41:54.927 [info] fatal: not a git repository (or any of the parent directories): .git
2024-11-20 13:41:54.928 [info] [Model][doInitialScan] Initial repository scan completed - repositories (0), closed repositories (0), parent repositories (0), unsafe repositories (0)
2024-11-20 13:41:55.533 [info] > git rev-parse --show-toplevel [17ms]
2024-11-20 13:41:55.533 [info] fatal: not a git repository (or any of the parent directories): .git
2024-11-20 13:41:55.623 [info] > git rev-parse --show-toplevel [1ms]
2024-11-20 13:41:55.623 [info] fatal: not a git repository (or any of the parent directories): .git
2024-11-20 13:41:56.307 [info] > git rev-parse --show-toplevel [3ms]
2024-11-20 13:41:56.307 [info] fatal: not a git repository (or any of the parent directories): .git
2024-11-20 13:51:54.100 [info] > git rev-parse --show-toplevel [1ms]
2024-11-20 13:51:54.100 [info] fatal: not a git repository (or any of the parent directories): .git
