2024-11-19 22:44:39.013 [info] Extension host with pid 1536 started
2024-11-19 22:44:39.013 [info] Skipping acquiring lock for /home/cyclic/.config/Code - OSS/User/workspaceStorage/de045d141a8b035fd6afde5a0c3a97e9.
2024-11-19 22:44:39.154 [info] ExtensionService#_doActivateExtension vscode.emmet, startup: false, activationEvent: 'onLanguage'
2024-11-19 22:44:39.263 [info] ExtensionService#_doActivateExtension vscode.git-base, startup: true, activationEvent: '*', root cause: vscode.git
2024-11-19 22:44:39.265 [info] ExtensionService#_doActivateExtension WakaTime.vscode-wakatime, startup: true, activationEvent: '*'
2024-11-19 22:44:39.314 [info] ExtensionService#_doActivateExtension vscode.git, startup: true, activationEvent: '*'
2024-11-19 22:44:39.374 [info] ExtensionService#_doActivateExtension vscode.github, startup: true, activationEvent: '*'
2024-11-19 22:44:46.187 [info] Not activating extension 'franneck94.c-cpp-runner': Timed out while searching for 'workspaceContains' pattern *.h,*.c,*.hh,*.cc,*.hxx,*.cxx,*.hpp,*.cpp,*.cu
2024-11-19 22:44:46.194 [info] Eager extensions activated
2024-11-19 22:44:46.222 [info] ExtensionService#_doActivateExtension vscode.debug-auto-launch, startup: false, activationEvent: 'onStartupFinished'
2024-11-19 22:44:46.225 [info] ExtensionService#_doActivateExtension vscode.merge-conflict, startup: false, activationEvent: 'onStartupFinished'
2024-11-19 22:44:46.239 [info] ExtensionService#_doActivateExtension vadimcn.vscode-lldb, startup: false, activationEvent: 'onStartupFinished', root cause: franneck94.vscode-c-cpp-config
2024-11-19 22:44:46.266 [info] ExtensionService#_doActivateExtension franneck94.vscode-c-cpp-config, startup: false, activationEvent: 'onStartupFinished'
2024-11-19 22:51:46.218 [info] Extension host with pid 2647 started
2024-11-19 22:51:46.218 [info] Skipping acquiring lock for /home/cyclic/.config/Code - OSS/User/workspaceStorage/de045d141a8b035fd6afde5a0c3a97e9.
2024-11-19 22:51:46.224 [info] ExtensionService#_doActivateExtension vscode.emmet, startup: false, activationEvent: 'onLanguage'
2024-11-19 22:51:46.245 [info] ExtensionService#_doActivateExtension vscode.git-base, startup: true, activationEvent: '*', root cause: vscode.git
2024-11-19 22:51:46.246 [info] ExtensionService#_doActivateExtension WakaTime.vscode-wakatime, startup: true, activationEvent: '*'
2024-11-19 22:51:46.284 [info] ExtensionService#_doActivateExtension vscode.git, startup: true, activationEvent: '*'
2024-11-19 22:51:46.328 [info] ExtensionService#_doActivateExtension vscode.github, startup: true, activationEvent: '*'
2024-11-19 22:51:53.243 [info] Not activating extension 'franneck94.c-cpp-runner': Timed out while searching for 'workspaceContains' pattern *.h,*.c,*.hh,*.cc,*.hxx,*.cxx,*.hpp,*.cpp,*.cu
2024-11-19 22:51:53.247 [info] Eager extensions activated
2024-11-19 22:51:53.281 [info] ExtensionService#_doActivateExtension vscode.debug-auto-launch, startup: false, activationEvent: 'onStartupFinished'
2024-11-19 22:51:53.284 [info] ExtensionService#_doActivateExtension vscode.merge-conflict, startup: false, activationEvent: 'onStartupFinished'
2024-11-19 22:51:53.298 [info] ExtensionService#_doActivateExtension vadimcn.vscode-lldb, startup: false, activationEvent: 'onStartupFinished', root cause: franneck94.vscode-c-cpp-config
2024-11-19 22:51:53.324 [info] ExtensionService#_doActivateExtension franneck94.vscode-c-cpp-config, startup: false, activationEvent: 'onStartupFinished'
2024-11-19 23:01:28.368 [info] ExtensionService#_doActivateExtension vscode.media-preview, startup: false, activationEvent: 'onCustomEditor:imagePreview.previewEditor'
