2024-11-20 17:33:52.107 [info] [main] Log level: Info
2024-11-20 17:33:52.107 [info] [main] Validating found git in: "git"
2024-11-20 17:33:52.107 [info] [main] Using git "2.47.0" from "git"
2024-11-20 17:33:52.107 [info] [Model][doInitialScan] Initial repository scan started
2024-11-20 17:33:52.107 [info] > git rev-parse --show-toplevel [14ms]
2024-11-20 17:33:52.107 [info] fatal: not a git repository (or any of the parent directories): .git
2024-11-20 17:33:52.107 [info] > git rev-parse --show-toplevel [3ms]
2024-11-20 17:33:52.107 [info] fatal: not a git repository (or any of the parent directories): .git
2024-11-20 17:33:52.107 [warning] [Model][traverseWorkspaceFolder] Unable to read workspace folder '/lost+found': Error: EACCES: permission denied, scandir '/lost+found'
2024-11-20 17:33:52.107 [info] > git rev-parse --show-toplevel [1ms]
2024-11-20 17:33:52.107 [info] fatal: not a git repository (or any of the parent directories): .git
2024-11-20 17:33:52.108 [warning] [Model][traverseWorkspaceFolder] Unable to read workspace folder '/root': Error: EACCES: permission denied, scandir '/root'
2024-11-20 17:33:52.121 [info] > git rev-parse --show-toplevel [1ms]
2024-11-20 17:33:52.121 [info] fatal: not a git repository (or any parent up to mount point /)
Stopping at filesystem boundary (GIT_DISCOVERY_ACROSS_FILESYSTEM not set).
2024-11-20 17:33:52.126 [info] > git rev-parse --show-toplevel [1ms]
2024-11-20 17:33:52.126 [info] fatal: not a git repository (or any parent up to mount point /)
Stopping at filesystem boundary (GIT_DISCOVERY_ACROSS_FILESYSTEM not set).
2024-11-20 17:33:52.133 [info] > git rev-parse --show-toplevel [2ms]
2024-11-20 17:33:52.133 [info] fatal: not a git repository (or any of the parent directories): .git
2024-11-20 17:33:52.138 [info] > git rev-parse --show-toplevel [1ms]
2024-11-20 17:33:52.138 [info] fatal: not a git repository (or any of the parent directories): .git
2024-11-20 17:33:52.145 [info] > git rev-parse --show-toplevel [3ms]
2024-11-20 17:33:52.145 [info] fatal: not a git repository (or any of the parent directories): .git
2024-11-20 17:33:52.150 [info] > git rev-parse --show-toplevel [1ms]
2024-11-20 17:33:52.150 [info] fatal: not a git repository (or any of the parent directories): .git
2024-11-20 17:33:52.169 [info] > git rev-parse --show-toplevel [14ms]
2024-11-20 17:33:52.169 [info] fatal: not a git repository (or any parent up to mount point /)
Stopping at filesystem boundary (GIT_DISCOVERY_ACROSS_FILESYSTEM not set).
2024-11-20 17:33:52.173 [info] > git rev-parse --show-toplevel [1ms]
2024-11-20 17:33:52.173 [info] fatal: not a git repository (or any parent up to mount point /)
Stopping at filesystem boundary (GIT_DISCOVERY_ACROSS_FILESYSTEM not set).
2024-11-20 17:33:52.178 [info] > git rev-parse --show-toplevel [2ms]
2024-11-20 17:33:52.178 [info] fatal: not a git repository (or any of the parent directories): .git
2024-11-20 17:33:52.183 [info] > git rev-parse --show-toplevel [1ms]
2024-11-20 17:33:52.183 [info] fatal: not a git repository (or any parent up to mount point /)
Stopping at filesystem boundary (GIT_DISCOVERY_ACROSS_FILESYSTEM not set).
2024-11-20 17:33:52.188 [info] > git rev-parse --show-toplevel [1ms]
2024-11-20 17:33:52.188 [info] fatal: not a git repository (or any parent up to mount point /)
Stopping at filesystem boundary (GIT_DISCOVERY_ACROSS_FILESYSTEM not set).
2024-11-20 17:33:52.192 [info] > git rev-parse --show-toplevel [1ms]
2024-11-20 17:33:52.192 [info] fatal: not a git repository (or any of the parent directories): .git
2024-11-20 17:33:52.197 [info] > git rev-parse --show-toplevel [1ms]
2024-11-20 17:33:52.197 [info] fatal: not a git repository (or any of the parent directories): .git
2024-11-20 17:33:52.197 [info] [Model][doInitialScan] Initial repository scan completed - repositories (0), closed repositories (0), parent repositories (0), unsafe repositories (0)
2024-11-20 17:33:52.861 [info] > git rev-parse --show-toplevel [1ms]
2024-11-20 17:33:52.861 [info] fatal: not a git repository (or any of the parent directories): .git
2024-11-20 17:33:53.465 [info] > git rev-parse --show-toplevel [2ms]
2024-11-20 17:33:53.466 [info] fatal: not a git repository (or any of the parent directories): .git
2024-11-20 17:33:56.531 [info] > git rev-parse --show-toplevel [1ms]
2024-11-20 17:33:56.531 [info] fatal: not a git repository (or any of the parent directories): .git
2024-11-20 17:33:56.868 [info] > git rev-parse --show-toplevel [4ms]
2024-11-20 17:33:56.868 [info] fatal: not a git repository (or any of the parent directories): .git
