2024-11-20 17:37:21.773 [info] Added views:outline in workbench.view.explorer
2024-11-20 17:37:21.773 [info] Added views:workbench.view.search in workbench.view.search
2024-11-20 17:37:21.773 [info] Added views:workbench.scm in workbench.view.scm
2024-11-20 17:37:21.773 [info] Added views:workbench.panel.markers.view in workbench.panel.markers
2024-11-20 17:37:21.773 [info] Added views:workbench.panel.output in workbench.panel.output
2024-11-20 17:37:21.773 [info] Added views:terminal in terminal
2024-11-20 17:37:21.773 [info] Added views:timeline in workbench.view.explorer
2024-11-20 17:37:21.773 [info] Added views:workbench.explorer.fileView in workbench.view.explorer
2024-11-20 17:37:21.944 [info] Added views:workbench.debug.welcome in workbench.view.debug
2024-11-20 17:37:22.598 [info] Added views:workbench.panel.repl.view in workbench.panel.repl
2024-11-20 17:37:22.860 [info] Added views:~remote.forwardedPorts in ~remote.forwardedPortsContainer
2024-11-20 17:46:49.313 [info] Added views:outline in workbench.view.explorer
2024-11-20 17:46:49.313 [info] Added views:workbench.view.search in workbench.view.search
2024-11-20 17:46:49.313 [info] Added views:workbench.scm in workbench.view.scm
2024-11-20 17:46:49.313 [info] Added views:workbench.panel.markers.view in workbench.panel.markers
2024-11-20 17:46:49.313 [info] Added views:workbench.panel.output in workbench.panel.output
2024-11-20 17:46:49.313 [info] Added views:terminal in terminal
2024-11-20 17:46:49.313 [info] Added views:timeline in workbench.view.explorer
2024-11-20 17:46:49.313 [info] Added views:workbench.explorer.fileView in workbench.view.explorer
2024-11-20 17:46:49.367 [info] Added views:workbench.debug.variablesView,workbench.debug.watchExpressionsView,workbench.debug.callStackView,workbench.debug.breakPointsView in workbench.view.debug
2024-11-20 17:46:49.917 [info] Added views:workbench.panel.repl.view in workbench.panel.repl
2024-11-20 17:46:50.034 [info] Added views:~remote.forwardedPorts in ~remote.forwardedPortsContainer
2024-11-20 17:46:50.462 [info] Added views:workbench.scm.history in workbench.view.scm
2024-11-20 17:49:27.544 [info] Removed views:workbench.scm.history from workbench.view.scm
2024-11-20 17:49:27.899 [info] Added views:outline in workbench.view.explorer
2024-11-20 17:49:27.899 [info] Added views:workbench.view.search in workbench.view.search
2024-11-20 17:49:27.899 [info] Added views:workbench.scm in workbench.view.scm
2024-11-20 17:49:27.899 [info] Added views:workbench.panel.markers.view in workbench.panel.markers
2024-11-20 17:49:27.899 [info] Added views:workbench.panel.output in workbench.panel.output
2024-11-20 17:49:27.899 [info] Added views:terminal in terminal
2024-11-20 17:49:27.899 [info] Added views:timeline in workbench.view.explorer
2024-11-20 17:49:27.899 [info] Added views:workbench.explorer.fileView in workbench.view.explorer
2024-11-20 17:49:28.035 [info] Added views:workbench.debug.variablesView,workbench.debug.watchExpressionsView,workbench.debug.callStackView,workbench.debug.breakPointsView in workbench.view.debug
2024-11-20 17:49:28.265 [info] Added views:~remote.forwardedPorts in ~remote.forwardedPortsContainer
2024-11-20 17:49:28.408 [info] Added views:workbench.panel.repl.view in workbench.panel.repl
2024-11-20 17:49:28.410 [info] Removed views:workbench.debug.breakPointsView,workbench.debug.callStackView,workbench.debug.watchExpressionsView,workbench.debug.variablesView from workbench.view.debug
2024-11-20 17:49:28.411 [info] Added views:workbench.debug.welcome in workbench.view.debug
2024-11-20 17:49:40.710 [info] Added views:workbench.views.extensions.installed,workbench.views.extensions.popular,extensions.recommendedList in workbench.view.extensions
2024-11-20 17:49:40.713 [info] Removed views:workbench.views.extensions.popular from workbench.view.extensions
2024-11-20 17:49:42.586 [info] Removed views:extensions.recommendedList,workbench.views.extensions.installed from workbench.view.extensions
2024-11-20 17:49:42.591 [info] Added views:workbench.views.extensions.marketplace in workbench.view.extensions
2024-11-20 17:50:15.205 [info] Added views:workbench.scm.history in workbench.view.scm
